ad1729426373.2305207, vistid
172942637sd4.1530144, p
1729426375.402x136, avslutt
1729426661.6738148, avslutt
1729427007.950801, avslutt
1729427234.254421, avslutt, vistid
1729427564.5968013, avslutt
1729427604.5272956, avslutt
1729842357.5709634, vistid
1729842366.1241052, p
1729842374.2825341, visfiler2
1729842380.4643354, avslutt
1729842665.7121053, vistid
1729842666.907079, om
1729842668.5449, hjelp
1729842670.4811072, p
1729842674.942505, pnyeste
1729842685.0172725, avslutt
1729842718.5406442, vistid
1729842719.462107, om
1729842720.2354257, om
1729842722.0915964, hjelp
1729842725.1636894, pnyeste
1729842747.469554, avslutt
1729842752.3041122, vistid
1729842753.8647964, p
1729842755.5594501, om
1729842757.0246599, hjelp
1729842759.285365, pnyeste
1729842771.2888045, avslutt
1729842785.054757, vistid
1729842786.501459, om
1729842787.043058, p
1729842788.401626, hjelp
1729842789.581185, om
1729842792.29092, pnyeste
1729842815.6569917, avslutt
1729844391.333472, vistid
1729844392.01462, om
1729844393.6312754, hjelp
1729844397.41779, åpenboks
1729844402.562519, p
1729844409.5626316, peldste
1729844430.563801, avslutt
1729844663.641779, vistid
1729844664.3015356, om
1729844665.4839258, p
1729844667.8851948, hjelp
1729844674.9365938, peldste
1729845062.8315797, om
1729845064.1407506, p
1729845065.7814322, vistid
1729845068.5607371, pnyeste
1729845195.6197073, avslutt
1729845199.9786687, om
1729845200.425493, p
1729845202.1073425, vistid
1729845207.0975368, pnyeste
1729845260.0976088, peldste
1729845273.7030659, avslutt
1729845397.5601056, om
1729845398.4577034, p
1729845402.2739396, vistid
1729845402.9889414, p
1729845408.1761804, avslutt
1729874809.6527276, om
1729874813.4369636, hjelp
1729874816.6358075, p
1729874840.9487603, p2
